2021-12-06 00:24:56,409 [Worker-2: Loading available Gradle versions] INFO  o.e.b.c.i.u.g.PublishedGradleVersions - Gradle version information cache is out-of-date. Trying to update.
2021-12-06 00:27:48,039 [Worker-10: Launching Executing install in _Users_lavaspoon_Desktop_인프런강의_springPlayground2_Spring-playground] INFO  o.e.m.i.launch.MavenLaunchDelegate - /Users/lavaspoon/Desktop/인프런강의/springPlayground2/Spring-playground
2021-12-06 00:27:48,048 [Worker-10: Launching Executing install in _Users_lavaspoon_Desktop_인프런강의_springPlayground2_Spring-playground] INFO  o.e.m.i.launch.MavenLaunchDelegate -  mvn -B install
2021-12-06 01:17:31,806 [Worker-4: Updating Maven Dependencies] INFO  o.e.m.c.i.l.LifecycleMappingFactory - Using org.eclipse.m2e.jdt.JarLifecycleMapping lifecycle mapping for MavenProject: project:Spring-playground:0.0.1-SNAPSHOT @ /Users/lavaspoon/Desktop/인프런강의/springPlayground2/Spring-playground/pom.xml.
2021-12-06 01:17:33,504 [Worker-5: Building] INFO  o.e.m.c.i.l.LifecycleMappingFactory - Using org.eclipse.m2e.jdt.JarLifecycleMapping lifecycle mapping for MavenProject: project:Spring-playground:0.0.1-SNAPSHOT @ /Users/lavaspoon/Desktop/인프런강의/springPlayground2/Spring-playground/pom.xml.
2021-12-06 01:17:35,904 [Worker-5: Building] INFO  o.e.m.c.i.embedder.EclipseLogger - Using 'UTF-8' encoding to copy filtered resources.
2021-12-06 01:17:35,905 [Worker-5: Building] INFO  o.e.m.c.i.embedder.EclipseLogger - Using 'UTF-8' encoding to copy filtered properties files.
2021-12-06 01:17:35,911 [Worker-5: Building] INFO  o.e.m.c.i.embedder.EclipseLogger - Copying 1 resource
2021-12-06 01:17:35,972 [Worker-5: Building] INFO  o.e.m.c.i.embedder.EclipseLogger - Copying 16 resources
2021-12-06 01:17:36,024 [Worker-5: Building] INFO  o.e.m.c.i.embedder.EclipseLogger - Using 'UTF-8' encoding to copy filtered resources.
2021-12-06 01:17:36,024 [Worker-5: Building] INFO  o.e.m.c.i.embedder.EclipseLogger - Using 'UTF-8' encoding to copy filtered properties files.
2021-12-06 01:17:36,025 [Worker-5: Building] INFO  o.e.m.c.i.embedder.EclipseLogger - skip non existing resourceDirectory /Users/lavaspoon/Desktop/인프런강의/springPlayground2/Spring-playground/src/test/resources
2021-12-06 01:17:38,935 [Worker-13: Building] INFO  o.e.m.c.i.embedder.EclipseLogger - Using 'UTF-8' encoding to copy filtered resources.
2021-12-06 01:17:38,936 [Worker-13: Building] INFO  o.e.m.c.i.embedder.EclipseLogger - Using 'UTF-8' encoding to copy filtered properties files.
2021-12-06 01:17:38,947 [Worker-13: Building] INFO  o.e.m.c.i.embedder.EclipseLogger - Copying 1 resource
2021-12-06 01:17:38,983 [Worker-13: Building] INFO  o.e.m.c.i.embedder.EclipseLogger - Copying 16 resources
2021-12-06 01:17:39,215 [Worker-13: Building] INFO  o.e.m.c.i.embedder.EclipseLogger - Using 'UTF-8' encoding to copy filtered resources.
2021-12-06 01:17:39,216 [Worker-13: Building] INFO  o.e.m.c.i.embedder.EclipseLogger - Using 'UTF-8' encoding to copy filtered properties files.
2021-12-06 01:17:39,216 [Worker-13: Building] INFO  o.e.m.c.i.embedder.EclipseLogger - skip non existing resourceDirectory /Users/lavaspoon/Desktop/인프런강의/springPlayground2/Spring-playground/src/test/resources
2021-12-06 01:17:39,216 [Worker-12: Updating Maven Dependencies] INFO  o.e.m.c.i.l.LifecycleMappingFactory - Using org.eclipse.m2e.jdt.JarLifecycleMapping lifecycle mapping for MavenProject: project:Spring-playground:0.0.1-SNAPSHOT @ /Users/lavaspoon/Desktop/인프런강의/springPlayground2/Spring-playground/pom.xml.
2021-12-06 01:17:41,854 [Worker-16: Building] INFO  o.e.m.c.i.embedder.EclipseLogger - Using 'UTF-8' encoding to copy filtered resources.
2021-12-06 01:17:41,855 [Worker-16: Building] INFO  o.e.m.c.i.embedder.EclipseLogger - Using 'UTF-8' encoding to copy filtered properties files.
2021-12-06 01:17:41,855 [Worker-16: Building] INFO  o.e.m.c.i.embedder.EclipseLogger - Copying 0 resource
2021-12-06 01:17:41,855 [Worker-16: Building] INFO  o.e.m.c.i.embedder.EclipseLogger - Copying 0 resource
2021-12-06 01:17:41,859 [Worker-16: Building] INFO  o.e.m.c.i.embedder.EclipseLogger - Using 'UTF-8' encoding to copy filtered resources.
2021-12-06 01:17:41,859 [Worker-16: Building] INFO  o.e.m.c.i.embedder.EclipseLogger - Using 'UTF-8' encoding to copy filtered properties files.
2021-12-06 01:17:41,859 [Worker-16: Building] INFO  o.e.m.c.i.embedder.EclipseLogger - skip non existing resourceDirectory /Users/lavaspoon/Desktop/인프런강의/springPlayground2/Spring-playground/src/test/resources
